<?xml version="1.0" encoding="UTF-8"?>
<robot generator="Robot 6.1.1 (Python 3.9.18 on darwin)" generated="20240119 14:22:06.992" rpa="false" schemaversion="4">
<suite id="s1" name="Searchlist" source="/Users/linping/Desktop/Test/Robotframework/AutomationTest/searchlist.robot">
<test id="s1-t1" name="Open Browser" line="38">
<kw name="Open Browser And Click Login Link">
<kw name="Open Browser" library="SeleniumLibrary">
<arg>https://edm.frappet.synology.me</arg>
<arg>Chrome</arg>
<doc>Opens a new browser instance to the optional ``url``.</doc>
<msg timestamp="20240119 14:22:07.081" level="INFO">Opening browser 'Chrome' to base url 'https://edm.frappet.synology.me'.</msg>
<status status="PASS" starttime="20240119 14:22:07.081" endtime="20240119 14:22:10.272"/>
</kw>
<status status="PASS" starttime="20240119 14:22:07.080" endtime="20240119 14:22:10.273"/>
</kw>
<status status="PASS" starttime="20240119 14:22:07.080" endtime="20240119 14:22:10.273"/>
</test>
<test id="s1-t2" name="Login Susscess" line="41">
<kw name="Login User Page">
<arg>user1</arg>
<kw name="Sleep" library="BuiltIn">
<arg>1s</arg>
<doc>Pauses the test executed for the given time.</doc>
<msg timestamp="20240119 14:22:11.278" level="INFO">Slept 1 second</msg>
<status status="PASS" starttime="20240119 14:22:10.276" endtime="20240119 14:22:11.279"/>
</kw>
<kw name="Input Text" library="SeleniumLibrary">
<arg>css=#username</arg>
<arg>${username}</arg>
<doc>Types the given ``text`` into the text field identified by ``locator``.</doc>
<msg timestamp="20240119 14:22:11.283" level="INFO">Typing text 'user' into text field 'css=#username'.</msg>
<status status="PASS" starttime="20240119 14:22:11.279" endtime="20240119 14:22:11.449"/>
</kw>
<kw name="Input Password" library="SeleniumLibrary">
<arg>css=#password</arg>
<arg>${password}</arg>
<doc>Types the given password into the text field identified by ``locator``.</doc>
<msg timestamp="20240119 14:22:11.449" level="INFO">Typing password into text field 'css=#password'.</msg>
<msg timestamp="20240119 14:22:11.464" level="INFO">Temporally setting log level to: NONE</msg>
<msg timestamp="20240119 14:22:11.503" level="INFO">Log level changed from NONE to INFO.</msg>
<status status="PASS" starttime="20240119 14:22:11.449" endtime="20240119 14:22:11.503"/>
</kw>
<kw name="Click Button" library="SeleniumLibrary">
<arg>id=kc-login</arg>
<doc>Clicks the button identified by ``locator``.</doc>
<msg timestamp="20240119 14:22:11.503" level="INFO">Clicking button 'id=kc-login'.</msg>
<status status="PASS" starttime="20240119 14:22:11.503" endtime="20240119 14:22:11.675"/>
</kw>
<status status="PASS" starttime="20240119 14:22:10.276" endtime="20240119 14:22:11.675"/>
</kw>
<status status="PASS" starttime="20240119 14:22:10.275" endtime="20240119 14:22:11.675"/>
</test>
<test id="s1-t3" name="Search Data" line="44">
<kw name="Search List">
<kw name="Sleep" library="BuiltIn">
<arg>1s</arg>
<doc>Pauses the test executed for the given time.</doc>
<msg timestamp="20240119 14:22:12.676" level="INFO">Slept 1 second</msg>
<status status="PASS" starttime="20240119 14:22:11.675" endtime="20240119 14:22:12.676"/>
</kw>
<kw name="Click Element" library="SeleniumLibrary">
<arg>xpath=(//i[text()='arrow_drop_down'])[2]</arg>
<doc>Click the element identified by ``locator``.</doc>
<msg timestamp="20240119 14:22:12.676" level="INFO">Clicking element 'xpath=(//i[text()='arrow_drop_down'])[2]'.</msg>
<status status="PASS" starttime="20240119 14:22:12.676" endtime="20240119 14:22:12.708"/>
</kw>
<kw name="Sleep" library="BuiltIn">
<arg>1s</arg>
<doc>Pauses the test executed for the given time.</doc>
<msg timestamp="20240119 14:22:13.710" level="INFO">Slept 1 second</msg>
<status status="PASS" starttime="20240119 14:22:12.708" endtime="20240119 14:22:13.710"/>
</kw>
<kw name="Click Element" library="SeleniumLibrary">
<arg>xpath=xpath///*[@id=\"f_d64d1eba-c556-4478-ab99-38003a60ace8_1\"]/div[2]/div/span</arg>
<doc>Click the element identified by ``locator``.</doc>
<msg timestamp="20240119 14:22:13.711" level="INFO">Clicking element 'xpath=xpath///*[@id="f_d64d1eba-c556-4478-ab99-38003a60ace8_1"]/div[2]/div/span'.</msg>
<msg timestamp="20240119 14:22:13.866" level="INFO" html="true">&lt;/td&gt;&lt;/tr&gt;&lt;tr&gt;&lt;td colspan="3"&gt;&lt;a href="selenium-screenshot-4.png"&gt;&lt;img src="selenium-screenshot-4.png" width="800px"&gt;&lt;/a&gt;</msg>
<msg timestamp="20240119 14:22:13.866" level="FAIL">InvalidSelectorException: Message: invalid selector: Unable to locate an element with the xpath expression xpath///*[@id="f_d64d1eba-c556-4478-ab99-38003a60ace8_1"]/div[2]/div/span because of the following error:
SyntaxError: Failed to execute 'evaluate' on 'Document': The string 'xpath///*[@id="f_d64d1eba-c556-4478-ab99-38003a60ace8_1"]/div[2]/div/span' is not a valid XPath expression.
  (Session info: chrome=120.0.6099.234)
Stacktrace:
0   chromedriver                        0x0000000104d5c4dc chromedriver + 4162780
1   chromedriver                        0x0000000104d54664 chromedriver + 4130404
2   chromedriver                        0x00000001049abbc0 chromedriver + 293824
3   chromedriver                        0x00000001049b1234 chromedriver + 315956
4   chromedriver                        0x00000001049b313c chromedriver + 323900
5   chromedriver                        0x00000001049b3278 chromedriver + 324216
6   chromedriver                        0x00000001049f2198 chromedriver + 582040
7   chromedriver                        0x0000000104a31ab0 chromedriver + 842416
8   chromedriver                        0x00000001049e56bc chromedriver + 530108
9   chromedriver                        0x00000001049e6930 chromedriver + 534832
10  chromedriver                        0x0000000104d21e08 chromedriver + 3923464
11  chromedriver                        0x0000000104d263dc chromedriver + 3941340
12  chromedriver                        0x0000000104d0a038 chromedriver + 3825720
13  chromedriver                        0x0000000104d26f3c chromedriver + 3944252
14  chromedriver                        0x0000000104cfc6f4 chromedriver + 3770100
15  chromedriver                        0x0000000104d43980 chromedriver + 4061568
16  chromedriver                        0x0000000104d43af8 chromedriver + 4061944
17  chromedriver                        0x0000000104d542e4 chromedriver + 4129508
18  libsystem_pthread.dylib             0x00000001825a6034 _pthread_start + 136
19  libsystem_pthread.dylib             0x00000001825a0e3c thread_start + 8
</msg>
<status status="FAIL" starttime="20240119 14:22:13.710" endtime="20240119 14:22:13.869"/>
</kw>
<kw name="Input Text" library="SeleniumLibrary">
<arg>css=input[placeholder='เอกสาร']</arg>
<arg>${TEXT_ENTER}</arg>
<doc>Types the given ``text`` into the text field identified by ``locator``.</doc>
<status status="NOT RUN" starttime="20240119 14:22:13.869" endtime="20240119 14:22:13.869"/>
</kw>
<kw name="Click Button" library="SeleniumLibrary">
<arg>id=submitSearch</arg>
<doc>Clicks the button identified by ``locator``.</doc>
<status status="NOT RUN" starttime="20240119 14:22:13.870" endtime="20240119 14:22:13.870"/>
</kw>
<status status="FAIL" starttime="20240119 14:22:11.675" endtime="20240119 14:22:13.870"/>
</kw>
<kw name="Sleep" library="BuiltIn">
<arg>6s</arg>
<doc>Pauses the test executed for the given time.</doc>
<status status="NOT RUN" starttime="20240119 14:22:13.870" endtime="20240119 14:22:13.870"/>
</kw>
<status status="FAIL" starttime="20240119 14:22:11.675" endtime="20240119 14:22:13.870">InvalidSelectorException: Message: invalid selector: Unable to locate an element with the xpath expression xpath///*[@id="f_d64d1eba-c556-4478-ab99-38003a60ace8_1"]/div[2]/div/span because of the following error:
SyntaxError: Failed to execute 'evaluate' on 'Document': The string 'xpath///*[@id="f_d64d1eba-c556-4478-ab99-38003a60ace8_1"]/div[2]/div/span' is not a valid XPath expression.
  (Session info: chrome=120.0.6099.234)
Stacktrace:
0   chromedriver                        0x0000000104d5c4dc chromedriver + 4162780
1   chromedriver                        0x0000000104d54664 chromedriver + 4130404
2   chromedriver                        0x00000001049abbc0 chromedriver + 293824
3   chromedriver                        0x00000001049b1234 chromedriver + 315956
4   chromedriver                        0x00000001049b313c chromedriver + 323900
5   chromedriver                        0x00000001049b3278 chromedriver + 324216
    [ Message content over the limit has been removed. ]
...hromedriver                        0x00000001049e6930 chromedriver + 534832
10  chromedriver                        0x0000000104d21e08 chromedriver + 3923464
11  chromedriver                        0x0000000104d263dc chromedriver + 3941340
12  chromedriver                        0x0000000104d0a038 chromedriver + 3825720
13  chromedriver                        0x0000000104d26f3c chromedriver + 3944252
14  chromedriver                        0x0000000104cfc6f4 chromedriver + 3770100
15  chromedriver                        0x0000000104d43980 chromedriver + 4061568
16  chromedriver                        0x0000000104d43af8 chromedriver + 4061944
17  chromedriver                        0x0000000104d542e4 chromedriver + 4129508
18  libsystem_pthread.dylib             0x00000001825a6034 _pthread_start + 136
19  libsystem_pthread.dylib             0x00000001825a0e3c thread_start + 8</status>
</test>
<status status="FAIL" starttime="20240119 14:22:06.993" endtime="20240119 14:22:13.871"/>
</suite>
<statistics>
<total>
<stat pass="2" fail="1" skip="0">All Tests</stat>
</total>
<tag>
</tag>
<suite>
<stat pass="2" fail="1" skip="0" id="s1" name="Searchlist">Searchlist</stat>
</suite>
</statistics>
<errors>
</errors>
</robot>
